<?xml version="1.0" encoding="UTF-8"?>
<testng-results ignored="0" total="1" passed="1" failed="0" skipped="0">
  <reporter-output>
  </reporter-output>
  <suite started-at="2023-08-31T17:08:52 CDT" name="Default suite" finished-at="2023-08-31T17:10:50 CDT" duration-ms="118392">
    <groups>
    </groups>
    <test started-at="2023-08-31T17:08:52 CDT" name="Default test" finished-at="2023-08-31T17:10:50 CDT" duration-ms="118392">
      <class name="tests.EtsyHomePageTest">
        <test-method is-config="true" signature="setup()[pri:0, instance:tests.EtsyHomePageTest@48f4713c]" started-at="2023-08-31T17:08:52 CDT" name="setup" finished-at="2023-08-31T17:08:52 CDT" duration-ms="367" status="PASS">
          <reporter-output>
          </reporter-output>
        </test-method> <!-- setup -->
        <test-method signature="navCategoryTest()[pri:0, instance:tests.EtsyHomePageTest@48f4713c]" started-at="2023-08-31T17:08:52 CDT" name="navCategoryTest" finished-at="2023-08-31T17:10:36 CDT" duration-ms="104333" status="PASS">
          <reporter-output>
          </reporter-output>
        </test-method> <!-- navCategoryTest -->
        <test-method is-config="true" signature="teardown()[pri:0, instance:tests.EtsyHomePageTest@48f4713c]" started-at="2023-08-31T17:10:36 CDT" name="teardown" finished-at="2023-08-31T17:10:50 CDT" duration-ms="13600" status="PASS">
          <reporter-output>
          </reporter-output>
        </test-method> <!-- teardown -->
      </class> <!-- tests.EtsyHomePageTest -->
    </test> <!-- Default test -->
  </suite> <!-- Default suite -->
</testng-results>
