<?xml version="1.0" encoding="UTF-8"?>
<testng-results ignored="0" total="1" passed="1" failed="0" skipped="0">
  <reporter-output>
  </reporter-output>
  <suite started-at="2023-08-27T00:06:15 CDT" name="Default suite" finished-at="2023-08-27T00:06:20 CDT" duration-ms="4285">
    <groups>
    </groups>
    <test started-at="2023-08-27T00:06:15 CDT" name="Default test" finished-at="2023-08-27T00:06:20 CDT" duration-ms="4285">
      <class name="RestAPI.DeckOfCargsGame">
        <test-method signature="shuffleing()[pri:0, instance:RestAPI.DeckOfCargsGame@6a6cb05c]" started-at="2023-08-27T00:06:15 CDT" name="shuffleing" finished-at="2023-08-27T00:06:20 CDT" duration-ms="4150" status="PASS">
          <reporter-output>
          </reporter-output>
        </test-method> <!-- shuffleing -->
      </class> <!-- RestAPI.DeckOfCargsGame -->
    </test> <!-- Default test -->
  </suite> <!-- Default suite -->
</testng-results>
